<?xml version="1.0" encoding="UTF-8"?>
<!-- Generated by org.testng.reporters.JUnitReportReporter -->
<testsuite hostname="PF1A7WE7" failures="0" tests="1" name="com.sn.ajr.master.screenshotcheck" time="17.182" errors="0" timestamp="2022-10-16T11:08:22 IST" skipped="0">
  <testcase classname="com.sn.ajr.master.screenshotcheck" name="f" time="17.182"/>
  <system-out/>
</testsuite> <!-- com.sn.ajr.master.screenshotcheck -->
