<?xml version="1.0" encoding="UTF-8"?>
<!-- Generated by org.testng.reporters.JUnitReportReporter -->
<testsuite hostname="PF1A7WE7" failures="0" tests="1" name="com.sn.ajr.master.Part2" time="0.010" errors="0" timestamp="2022-10-18T12:44:28 IST" skipped="0">
  <testcase classname="com.sn.ajr.master.Part2" name="ppp" time="0.010"/>
  <system-out/>
</testsuite> <!-- com.sn.ajr.master.Part2 -->
