<?xml version="1.0" encoding="UTF-8"?>
<!-- Generated by org.testng.reporters.JUnitReportReporter -->
<testsuite hostname="PF1A7WE7" failures="0" tests="1" name="suite1.downloads" time="0.000" errors="0" timestamp="2022-10-08T08:26:09 IST" skipped="1">
  <testcase classname="suite1.downloads" name="testEasy" time="0.000">
    <skipped/>
  </testcase> <!-- testEasy -->
</testsuite> <!-- suite1.downloads -->
