<?xml version="1.0" encoding="UTF-8"?>
<!-- Generated by org.testng.reporters.JUnitReportReporter -->
<testsuite hostname="PF1A7WE7" failures="0" tests="1" name="suite3.citation.ProjWosFileAconversion" time="0.012" errors="0" timestamp="2022-10-12T07:35:03 IST" skipped="0">
  <testcase classname="suite3.citation.ProjWosFileAconversion" name="f" time="0.012"/>
</testsuite> <!-- suite3.citation.ProjWosFileAconversion -->
