<?xml version="1.0" encoding="UTF-8"?>
<!-- Generated by org.testng.reporters.JUnitReportReporter -->
<testsuite hostname="PF1A7WE7" failures="0" tests="1" name="com.sn.ajr.citation.WosFileAconversion" time="3.909" errors="0" timestamp="2022-10-12T19:31:06 IST" skipped="0">
  <testcase classname="com.sn.ajr.citation.WosFileAconversion" name="f" time="3.909"/>
  <system-out/>
</testsuite> <!-- com.sn.ajr.citation.WosFileAconversion -->
