<?xml version="1.0" encoding="UTF-8"?>
<!-- Generated by org.testng.reporters.JUnitReportReporter -->
<testsuite hostname="PF1A7WE7" failures="0" tests="1" name="com.sn.ajr.altmetric.Altmetric" time="98.918" errors="0" timestamp="2022-11-13T11:14:00 IST" skipped="0">
  <testcase classname="com.sn.ajr.altmetric.Altmetric" name="classname" time="98.918"/>
  <system-out/>
</testsuite> <!-- com.sn.ajr.altmetric.Altmetric -->
