<?xml version="1.0" encoding="UTF-8"?>
<!-- Generated by org.testng.reporters.JUnitReportReporter -->
<testsuite hostname="PF1A7WE7" failures="0" tests="1" name="com.sn.ajr.altmetric.AltmetricMaster" time="172.737" errors="1" timestamp="2022-11-21T17:13:16 IST" skipped="0">
  <testcase classname="com.sn.ajr.altmetric.AltmetricMaster" name="classname" time="172.737">
    <error message="Parameter presentationId must conform to the pattern ^[^/]+$" type="java.lang.IllegalArgumentException">
      <![CDATA[java.lang.IllegalArgumentException: Parameter presentationId must conform to the pattern ^[^/]+$
at com.google.common.base.Preconditions.checkArgument(Preconditions.java:145)
at com.google.api.client.util.Preconditions.checkArgument(Preconditions.java:47)
at com.google.api.services.slides.v1.Slides$Presentations$Get.<init>(Slides.java:444)
at com.google.api.services.slides.v1.Slides$Presentations.get(Slides.java:415)
at com.sn.ajr.ProjGSlide.updatePPTMultipleSlideData(ProjGSlide.java:101)
at com.sn.ajr.altmetric.AltmetricMaster.classname(AltmetricMaster.java:783)
at java.base/jdk.internal.reflect.NativeMethodAccessorImpl.invoke0(Native Method)
at java.base/jdk.internal.reflect.NativeMethodAccessorImpl.invoke(NativeMethodAccessorImpl.java:77)
at java.base/jdk.internal.reflect.DelegatingMethodAccessorImpl.invoke(DelegatingMethodAccessorImpl.java:43)
at java.base/java.lang.reflect.Method.invoke(Method.java:568)
at org.testng.internal.MethodInvocationHelper.invokeMethod(MethodInvocationHelper.java:133)
at org.testng.internal.InvokeMethodRunnable.runOne(InvokeMethodRunnable.java:45)
at org.testng.internal.InvokeMethodRunnable.call(InvokeMethodRunnable.java:73)
at org.testng.internal.InvokeMethodRunnable.call(InvokeMethodRunnable.java:11)
at java.base/java.util.concurrent.FutureTask.run(FutureTask.java:264)
at java.base/java.util.concurrent.ThreadPoolExecutor.runWorker(ThreadPoolExecutor.java:1136)
at java.base/java.util.concurrent.ThreadPoolExecutor$Worker.run(ThreadPoolExecutor.java:635)
at java.base/java.lang.Thread.run(Thread.java:833)
]]>
    </error>
  </testcase> <!-- classname -->
  <system-out/>
</testsuite> <!-- com.sn.ajr.altmetric.AltmetricMaster -->
