<?xml version="1.0" encoding="UTF-8"?>
<!-- Generated by org.testng.reporters.JUnitReportReporter -->
<testsuite hostname="PF1A7WE7" failures="0" tests="1" name="com.sn.ajr.jcr.JCR" time="282.403" errors="0" timestamp="2022-12-23T20:35:57 IST" skipped="0">
  <testcase classname="com.sn.ajr.jcr.JCR" name="classname" time="282.403"/>
  <system-out/>
</testsuite> <!-- com.sn.ajr.jcr.JCR -->
