<?xml version="1.0" encoding="UTF-8"?>
<!-- Generated by org.testng.reporters.JUnitReportReporter -->
<testsuite hostname="PF1A7WE7" failures="0" tests="2" name="paralleltest.DP" time="0.010" errors="0" timestamp="2022-10-14T13:05:23 IST" skipped="0">
  <testcase classname="paralleltest.DP" name="myTest" time="0.001"/>
  <system-out/>
  <testcase classname="paralleltest.DP" name="myTest" time="0.009"/>
  <system-out/>
</testsuite> <!-- paralleltest.DP -->
