<?xml version="1.0" encoding="UTF-8"?>
<!-- Generated by org.testng.reporters.JUnitReportReporter -->
<testsuite hostname="PF1A7WE7" failures="0" tests="1" name="com.sn.ajr.altmetric.AltmetricCalculation" time="7.858" errors="0" timestamp="2022-11-05T18:08:25 IST" skipped="0">
  <testcase classname="com.sn.ajr.altmetric.AltmetricCalculation" name="classname" time="7.858"/>
  <system-out/>
</testsuite> <!-- com.sn.ajr.altmetric.AltmetricCalculation -->
