<?xml version="1.0" encoding="UTF-8"?>
<!-- Generated by org.testng.reporters.JUnitReportReporter -->
<testsuite hostname="PF1A7WE7" failures="0" tests="1" name="com.sn.ajr.citation.NewTest" time="2.989" errors="0" timestamp="2022-10-12T19:48:04 IST" skipped="0">
  <testcase classname="com.sn.ajr.citation.NewTest" name="f" time="2.989"/>
  <system-out/>
</testsuite> <!-- com.sn.ajr.citation.NewTest -->
