<?xml version="1.0" encoding="UTF-8"?>
<!-- Generated by org.testng.reporters.JUnitReportReporter -->
<testsuite hostname="PF1A7WE7" failures="0" tests="1" name="suite1.File1" time="5.749" errors="0" timestamp="2022-10-07T19:19:09 IST" skipped="0">
  <testcase classname="suite1.File1" name="testEasy" time="5.749"/>
</testsuite> <!-- suite1.File1 -->
