<?xml version="1.0" encoding="UTF-8"?>
<!-- Generated by org.testng.reporters.JUnitReportReporter -->
<testsuite hostname="PF1A7WE7" failures="0" tests="1" name="example.NewTest" time="15.487" errors="0" timestamp="2022-10-07T18:27:44 IST" skipped="0">
  <testcase classname="example.NewTest" name="testEasy" time="15.487"/>
</testsuite> <!-- example.NewTest -->
