<?xml version="1.0" encoding="UTF-8"?>
<!-- Generated by org.testng.reporters.JUnitReportReporter -->
<testsuite hostname="PF1A7WE7" failures="0" tests="1" name="com.sn.ajr.downloads.part1" time="52.721" errors="0" timestamp="2022-11-17T13:46:16 IST" skipped="0">
  <testcase classname="com.sn.ajr.downloads.part1" name="classname" time="52.721"/>
  <system-out/>
</testsuite> <!-- com.sn.ajr.downloads.part1 -->
