<?xml version="1.0" encoding="UTF-8"?>
<!-- Generated by org.testng.reporters.JUnitReportReporter -->
<testsuite hostname="PF1A7WE7" failures="0" tests="1" name="zNotinUse.NewTest" time="98.872" errors="0" timestamp="2022-11-19T18:05:21 IST" skipped="0">
  <testcase classname="zNotinUse.NewTest" name="f" time="98.872"/>
  <system-out/>
</testsuite> <!-- zNotinUse.NewTest -->
