<?xml version="1.0" encoding="UTF-8"?>
<!-- Generated by org.testng.reporters.JUnitReportReporter -->
<testsuite hostname="PF1A7WE7" failures="0" tests="1" name="paralleltest.checkrequest" time="0.004" errors="0" timestamp="2022-10-15T13:56:58 IST" skipped="0">
  <testcase classname="paralleltest.checkrequest" name="f" time="0.004"/>
  <system-out/>
</testsuite> <!-- paralleltest.checkrequest -->
