<?xml version="1.0" encoding="UTF-8"?>
<!-- Generated by org.testng.reporters.JUnitReportReporter -->
<testsuite hostname="PF1A7WE7" failures="0" tests="2" name="zNotinUse.checkrequest" time="0.016" errors="1" timestamp="2022-10-23T21:11:26 IST" skipped="1">
  <testcase classname="zNotinUse.checkrequest" name="f" time="0.000">
    <skipped/>
  </testcase> <!-- f -->
  <system-out/>
  <testcase classname="zNotinUse.checkrequest" name="beforeTest" time="0.016">
    <error message="java.lang.IllegalArgumentException: InputStream cannot be null" type="org.testng.TestNGException">
      <![CDATA[org.testng.TestNGException: java.lang.IllegalArgumentException: InputStream cannot be null
at org.testng.TestNG.parseSuite(TestNG.java:356)
at org.testng.TestNG.initializeSuitesAndJarFile(TestNG.java:376)
at org.testng.TestNG.initializeEverything(TestNG.java:1011)
at org.testng.TestNG.run(TestNG.java:1023)
at zNotinUse.checkrequest.beforeTest(checkrequest.java:41)
at java.base/jdk.internal.reflect.NativeMethodAccessorImpl.invoke0(Native Method)
at java.base/jdk.internal.reflect.NativeMethodAccessorImpl.invoke(NativeMethodAccessorImpl.java:77)
at java.base/jdk.internal.reflect.DelegatingMethodAccessorImpl.invoke(DelegatingMethodAccessorImpl.java:43)
at java.base/java.lang.reflect.Method.invoke(Method.java:568)
at org.testng.internal.MethodInvocationHelper.invokeMethod(MethodInvocationHelper.java:133)
at org.testng.internal.MethodInvocationHelper.invokeMethodConsideringTimeout(MethodInvocationHelper.java:62)
at org.testng.internal.ConfigInvoker.invokeConfigurationMethod(ConfigInvoker.java:385)
at org.testng.internal.ConfigInvoker.invokeConfigurations(ConfigInvoker.java:321)
at org.testng.TestRunner.invokeTestConfigurations(TestRunner.java:637)
at org.testng.TestRunner.beforeRun(TestRunner.java:627)
at org.testng.TestRunner.run(TestRunner.java:589)
at org.testng.SuiteRunner.runTest(SuiteRunner.java:377)
at org.testng.SuiteRunner.runSequentially(SuiteRunner.java:371)
at org.testng.SuiteRunner.privateRun(SuiteRunner.java:332)
at org.testng.SuiteRunner.run(SuiteRunner.java:276)
at org.testng.SuiteRunnerWorker.runSuite(SuiteRunnerWorker.java:53)
at org.testng.SuiteRunnerWorker.run(SuiteRunnerWorker.java:96)
at org.testng.TestNG.runSuitesSequentially(TestNG.java:1212)
at org.testng.TestNG.runSuitesLocally(TestNG.java:1134)
at org.testng.TestNG.runSuites(TestNG.java:1063)
at org.testng.TestNG.run(TestNG.java:1031)
at org.testng.remote.AbstractRemoteTestNG.run(AbstractRemoteTestNG.java:115)
at org.testng.remote.RemoteTestNG.initAndRun(RemoteTestNG.java:251)
at org.testng.remote.RemoteTestNG.main(RemoteTestNG.java:77)
Caused by: java.lang.IllegalArgumentException: InputStream cannot be null
at java.xml/javax.xml.parsers.SAXParser.parse(SAXParser.java:193)
at org.testng.xml.XMLParser.parse(XMLParser.java:39)
at org.testng.xml.SuiteXmlParser.parse(SuiteXmlParser.java:16)
at org.testng.xml.SuiteXmlParser.parse(SuiteXmlParser.java:9)
at org.testng.xml.Parser.parse(Parser.java:164)
at org.testng.xml.Parser.parse(Parser.java:250)
at org.testng.TestNG.parseSuite(TestNG.java:324)
... 28 more
]]>
    </error>
  </testcase> <!-- beforeTest -->
  <system-out/>
</testsuite> <!-- zNotinUse.checkrequest -->
