<?xml version="1.0" encoding="UTF-8"?>
<!-- Generated by org.testng.reporters.JUnitReportReporter -->
<testsuite hostname="PF1A7WE7" failures="0" tests="1" name="com.sn.ajr.citation.Awos" time="123.949" errors="0" timestamp="2022-12-23T10:57:14 IST" skipped="0">
  <testcase classname="com.sn.ajr.citation.Awos" name="classname" time="123.949"/>
  <system-out/>
</testsuite> <!-- com.sn.ajr.citation.Awos -->
