<?xml version="1.0" encoding="UTF-8"?>
<!-- Generated by org.testng.reporters.JUnitReportReporter -->
<testsuite hostname="PF1A7WE7" failures="0" tests="1" name="paralleltest.outdata" time="0.006" errors="0" timestamp="2022-10-14T21:43:23 IST" skipped="0">
  <testcase classname="paralleltest.outdata" name="myTest" time="0.006"/>
  <system-out/>
</testsuite> <!-- paralleltest.outdata -->
