<?xml version="1.0" encoding="UTF-8"?>
<!-- Generated by org.testng.reporters.JUnitReportReporter -->
<testsuite hostname="PF1A7WE7" failures="0" tests="1" name="suite3.citation.ProjWos" time="4.075" errors="0" timestamp="2022-10-12T07:35:03 IST" skipped="0">
  <testcase classname="suite3.citation.ProjWos" name="f" time="4.075"/>
</testsuite> <!-- suite3.citation.ProjWos -->
