<?xml version="1.0" encoding="UTF-8"?>
<!-- Generated by org.testng.reporters.JUnitReportReporter -->
<testsuite hostname="PF1A7WE7" failures="0" tests="3" name="com.sn.ajr.master.masterjava" time="0.031" errors="0" timestamp="2022-11-08T18:38:26 IST" skipped="0">
  <testcase classname="com.sn.ajr.master.masterjava" name="part1" time="0.020"/>
  <system-out/>
  <testcase classname="com.sn.ajr.master.masterjava" name="part3" time="0.001"/>
  <system-out/>
  <testcase classname="com.sn.ajr.master.masterjava" name="part2" time="0.010"/>
  <system-out/>
</testsuite> <!-- com.sn.ajr.master.masterjava -->
