<?xml version="1.0" encoding="UTF-8"?>
<!-- Generated by org.testng.reporters.JUnitReportReporter -->
<testsuite hostname="PF1A7WE7" failures="0" tests="1" name="com.sn.ajr.downloads.sjr" time="56.442" errors="0" timestamp="2022-12-21T15:54:30 IST" skipped="0">
  <testcase classname="com.sn.ajr.downloads.sjr" name="classname" time="56.442"/>
  <system-out/>
</testsuite> <!-- com.sn.ajr.downloads.sjr -->
