<?xml version="1.0" encoding="UTF-8"?>
<!-- Generated by org.testng.reporters.JUnitReportReporter -->
<testsuite hostname="PF1A7WE7" failures="0" tests="1" name="com.sn.ajr.master.outdata" time="0.006" errors="0" timestamp="2022-10-19T09:23:27 IST" skipped="0">
  <testcase classname="com.sn.ajr.master.outdata" name="myTest" time="0.006"/>
  <system-out/>
</testsuite> <!-- com.sn.ajr.master.outdata -->
