<?xml version="1.0" encoding="UTF-8"?>
<!-- Generated by org.testng.reporters.JUnitReportReporter -->
<testsuite hostname="PF1A7WE7" failures="0" tests="1" name="com.sn.ajr.googledata.NewTest" time="8.541" errors="0" timestamp="2022-10-22T21:32:26 IST" skipped="0">
  <testcase classname="com.sn.ajr.googledata.NewTest" name="classname" time="8.541"/>
  <system-out/>
</testsuite> <!-- com.sn.ajr.googledata.NewTest -->
